<?xml version="1.0" encoding="UTF-8"?>
<!-- Generated by org.testng.reporters.JUnitXMLReporter -->
<testsuite ignored="0" hostname="Yogesh-Personal" failures="0" tests="4" name="Default test" time="23.624" errors="0" timestamp="2022-07-17T12:51:47 IST">
  <testcase classname="TestCases.LoginPageTest" name="openToAppTest" time="2.077"/>
  <testcase classname="TestCases.LoginPageTest" name="verifyKiteLogoTest" time="0.057"/>
  <testcase classname="TestCases.LoginPageTest" name="verifyTitleTest" time="0.024"/>
  <testcase classname="TestCases.LoginPageTest" name="verifyZerodhaLogoTest" time="0.053"/>
</testsuite> <!-- Default test -->
