<?xml version="1.0" encoding="UTF-8"?>
<!-- Generated by org.testng.reporters.JUnitXMLReporter -->
<testsuite ignored="0" hostname="Yogesh-Personal" failures="0" tests="3" name="Test" time="35.848" errors="0" timestamp="2022-07-04T09:45:31 IST">
  <testcase classname="TestCases.ParallelTest" name="openFb" time="20.843"/>
  <testcase classname="TestCases.ParallelTest" name="openFlipkart" time="30.217"/>
  <testcase classname="TestCases.ParallelTest" name="openAmazon" time="35.779"/>
</testsuite> <!-- Test -->
