<?xml version="1.0" encoding="UTF-8"?>
<testng-results ignored="0" total="4" passed="4" failed="0" skipped="0">
  <reporter-output>
    <line>
      <![CDATA[Verify Kite Logo Test]]>
    </line>
    <line>
      <![CDATA[Verify Title Test]]>
    </line>
    <line>
      <![CDATA[Verify Zerodha logo Test]]>
    </line>
  </reporter-output>
  <suite started-at="2022-07-17T12:51:23 IST" name="Default suite" finished-at="2022-07-17T12:51:47 IST" duration-ms="23624">
    <groups>
    </groups>
    <test started-at="2022-07-17T12:51:23 IST" name="Default test" finished-at="2022-07-17T12:51:47 IST" duration-ms="23624">
      <class name="TestCases.LoginPageTest">
        <test-method is-config="true" signature="setUp()[pri:0, instance:TestCases.LoginPageTest@611889f4]" started-at="2022-07-17T12:51:23 IST" name="setUp" finished-at="2022-07-17T12:51:29 IST" duration-ms="6023" status="PASS">
          <reporter-output>
          </reporter-output>
        </test-method> <!-- setUp -->
        <test-method signature="openToAppTest()[pri:0, instance:TestCases.LoginPageTest@611889f4]" started-at="2022-07-17T12:51:29 IST" name="openToAppTest" finished-at="2022-07-17T12:51:31 IST" duration-ms="2077" status="PASS">
          <reporter-output>
          </reporter-output>
        </test-method> <!-- openToAppTest -->
        <test-method is-config="true" signature="exit(org.testng.ITestResult)[pri:0, instance:TestCases.LoginPageTest@611889f4]" started-at="2022-07-17T12:51:31 IST" name="exit" finished-at="2022-07-17T12:51:32 IST" duration-ms="913" status="PASS">
          <params>
            <param index="0">
              <value>
                <![CDATA[[TestResult name=openToAppTest status=SUCCESS method=LoginPageTest.openToAppTest()[pri:0, instance:TestCases.LoginPageTest@611889f4] output={null}]]]>
              </value>
            </param>
          </params>
          <reporter-output>
          </reporter-output>
        </test-method> <!-- exit -->
        <test-method is-config="true" signature="setUp()[pri:0, instance:TestCases.LoginPageTest@611889f4]" started-at="2022-07-17T12:51:32 IST" name="setUp" finished-at="2022-07-17T12:51:36 IST" duration-ms="3911" status="PASS">
          <reporter-output>
          </reporter-output>
        </test-method> <!-- setUp -->
        <test-method signature="verifyKiteLogoTest()[pri:0, instance:TestCases.LoginPageTest@611889f4]" started-at="2022-07-17T12:51:36 IST" name="verifyKiteLogoTest" finished-at="2022-07-17T12:51:36 IST" duration-ms="57" status="PASS">
          <reporter-output>
            <line>
              <![CDATA[Verify Kite Logo Test]]>
            </line>
          </reporter-output>
        </test-method> <!-- verifyKiteLogoTest -->
        <test-method is-config="true" signature="exit(org.testng.ITestResult)[pri:0, instance:TestCases.LoginPageTest@611889f4]" started-at="2022-07-17T12:51:36 IST" name="exit" finished-at="2022-07-17T12:51:37 IST" duration-ms="526" status="PASS">
          <params>
            <param index="0">
              <value>
                <![CDATA[[TestResult name=verifyKiteLogoTest status=SUCCESS method=LoginPageTest.verifyKiteLogoTest()[pri:0, instance:TestCases.LoginPageTest@611889f4] output=Verify Kite Logo Test]]]>
              </value>
            </param>
          </params>
          <reporter-output>
          </reporter-output>
        </test-method> <!-- exit -->
        <test-method is-config="true" signature="setUp()[pri:0, instance:TestCases.LoginPageTest@611889f4]" started-at="2022-07-17T12:51:37 IST" name="setUp" finished-at="2022-07-17T12:51:42 IST" duration-ms="5124" status="PASS">
          <reporter-output>
          </reporter-output>
        </test-method> <!-- setUp -->
        <test-method signature="verifyTitleTest()[pri:0, instance:TestCases.LoginPageTest@611889f4]" started-at="2022-07-17T12:51:42 IST" name="verifyTitleTest" finished-at="2022-07-17T12:51:42 IST" duration-ms="24" status="PASS">
          <reporter-output>
            <line>
              <![CDATA[Verify Title Test]]>
            </line>
          </reporter-output>
        </test-method> <!-- verifyTitleTest -->
        <test-method is-config="true" signature="exit(org.testng.ITestResult)[pri:0, instance:TestCases.LoginPageTest@611889f4]" started-at="2022-07-17T12:51:42 IST" name="exit" finished-at="2022-07-17T12:51:42 IST" duration-ms="437" status="PASS">
          <params>
            <param index="0">
              <value>
                <![CDATA[[TestResult name=verifyTitleTest status=SUCCESS method=LoginPageTest.verifyTitleTest()[pri:0, instance:TestCases.LoginPageTest@611889f4] output=Verify Title Test]]]>
              </value>
            </param>
          </params>
          <reporter-output>
          </reporter-output>
        </test-method> <!-- exit -->
        <test-method is-config="true" signature="setUp()[pri:0, instance:TestCases.LoginPageTest@611889f4]" started-at="2022-07-17T12:51:42 IST" name="setUp" finished-at="2022-07-17T12:51:46 IST" duration-ms="4038" status="PASS">
          <reporter-output>
          </reporter-output>
        </test-method> <!-- setUp -->
        <test-method signature="verifyZerodhaLogoTest()[pri:0, instance:TestCases.LoginPageTest@611889f4]" started-at="2022-07-17T12:51:46 IST" name="verifyZerodhaLogoTest" finished-at="2022-07-17T12:51:46 IST" duration-ms="53" status="PASS">
          <reporter-output>
            <line>
              <![CDATA[Verify Zerodha logo Test]]>
            </line>
          </reporter-output>
        </test-method> <!-- verifyZerodhaLogoTest -->
        <test-method is-config="true" signature="exit(org.testng.ITestResult)[pri:0, instance:TestCases.LoginPageTest@611889f4]" started-at="2022-07-17T12:51:46 IST" name="exit" finished-at="2022-07-17T12:51:47 IST" duration-ms="376" status="PASS">
          <params>
            <param index="0">
              <value>
                <![CDATA[[TestResult name=verifyZerodhaLogoTest status=SUCCESS method=LoginPageTest.verifyZerodhaLogoTest()[pri:0, instance:TestCases.LoginPageTest@611889f4] output=Verify Zerodha logo Test]]]>
              </value>
            </param>
          </params>
          <reporter-output>
          </reporter-output>
        </test-method> <!-- exit -->
      </class> <!-- TestCases.LoginPageTest -->
    </test> <!-- Default test -->
  </suite> <!-- Default suite -->
</testng-results>
